
* Starting. Time: 1442173464.15

* Starting. Time: 1442173505.19

* Starting. Time: 1442173505.38

* Starting. Time: 1442173513.45

* Starting. Time: 1442173517.63
Problems with date: 7:49, 5 March 2013 (page: 5918903)
Problems with date: 04:05, 23 October 2005 (page: 51230)
Problems with date: 1:35, 27 July 2006 (page: 2973010)
Problems with date: 6:47, 30 July 2006 (page: 2973010)
Problems with date: 1:01, November 20, 2006 (page: 2973010)
Problems with date: 1:19, November 20, 2006 (page: 2973010)
Problems with date: 9:54, November 21, 2006 (page: 2973010)
Problems with date: 09:44, June 8, 2007 (page: 2973010)
Problems with date: 09:20, June 26, 2007 (page: 2973010)
Problems with date: 8:45, 20 June 2007 (page: 11133230)
Problems with date: 1:46, 20 July 2007 (page: 11133230)
Problems with date: 3:19, 17 July 2007 (page: 11133230)
Problems with date: 1:51, 18 July 2007 (page: 11133230)
Problems with date: 1:37, 3 August 2007 (page: 11133230)
Problems with date: 9:58, 3 August 2007 (page: 11133230)
Problems with date: 9:56, 4 August 2007 (page: 11133230)
Problems with date: 6:21, 5 August 2007 (page: 11133230)
Problems with date: 0:37, 8 August 2007 (page: 11133230)
Problems with date: 0:14, 09 May 2006 (page: 5078950)
Problems with date: 8:44, 13 June 2008 (page: 17919882)
Problems with date: 17:47, 8. Dez 2003 (CET) (page: 1206428)
Problems with date: 07:42, 08. Dec 2003 (CET) (page: 1206428)
Problems with date: 17:47, 8. Dez 2003 (CET) (page: 1206428)
Problems with date: 16:49, 13. Mär 2004 (CET) (page: 1206428)
Problems with date: 1:05, November 28, 2012 (page: 39737381)
Problems with date: 9:59, 27 June 2013 (page: 39737381)
Problems with date: 2:28, 26 March 2003 (page: 201725)
Problems with date: 11:17, 9 January 2007 (page: 11524579)
Problems with date: 6:14, 26 April 2006 (page: 4404450)
Problems with date: 6:19, 22 February 2006 (page: 4610105)
Problems with date: 01:08, 20 June 2008 (page: 18389511)
Problems with date: 8:42, 04 Novbember 2008 (UTC) (page: 13939014)
Problems with date: 9:56, 8 June 2011 (page: 473322)
Problems with date: 16:51, 30 June 2007 (page: 15671458)
Problems with date: 8:10, 6+February 2006 (UTC) (page: 29403191)
Problems with date: 8:10, 6+February 2006 (UTC) (page: 29403191)
Problems with date: 21:07, February 2, 2008 (page: 35990887)
Problems with date: 01:09, 10 September 2006 (page: 5683009)
Problems with date: 8:32, 11 October 2013 (page: 36150390)
Problems with date: 3:57, 27 March 2007 (page: 10005499)
Problems with date: 5:36, 20 April 2007 (page: 10005499)
Problems with date: 05:57, 22 August 2006 (page: 304702)
Problems with date: 4:11, July 16 2005 (page: 304702)
Problems with date: 4:11, July 16 2005 (page: 304702)
Problems with date: 0:20, October 22, 2006 (page: 304702)
Problems with date: 7:20, 4 June 2007 (page: 304702)
Problems with date: 8:19, 25 September 2013 (page: 809722)
Problems with date: 16:20, 20 July 2014 (page: 42579469)
Problems with date: 9:54, 1 January 2007 (page: 2041954)
Problems with date: 7:37, 4 March 2006 (page: 196833)
Problems with date: 6:50 December 2013 (UTC) (page: 7011110)
Problems with date: 3:14, 29 June 2008 (page: 31894776)
Problems with date: 6:22, 9 March 2009 (page: 17358836)
Problems with date: 5:53, 15 November 2006 (page: 4613029)
Problems with date: 6:58, 5 January 2008 (page: 19082728)
Problems with date: 9:47, December 31, 2010 (page: 41893372)
Problems with date: 2:47, 20 March 2012 (page: 13746455)
Problems with date: 9:22, 2 January 2008 (page: 176948)
Problems with date: 9:01, 2 January 2008 (page: 176948)
Problems with date: 17:20, 20 July 2007 (page: 12162364)
Problems with date: 2:38, 25 Sep 2005 (CEST) (page: 548767)
Problems with date: 12:08, 3 Nov 2004 (CET) (page: 11499015)
Problems with date: 0:38, 18 Jun 2005 (page: 11499015)
Problems with date: 4:23, 30 October 2008 (page: 11499015)
Problems with date: 1:12, 27 July 2007 (page: 25973560)
Problems with date: 9:49, 9 Aug 2007 (page: 11205369)
Problems with date: 7:52, 30 May 2014 (page: 38884937)
Problems with date: 1:20, 5 September 2007 (PT) (page: 66301)
Problems with date: 5:16, 27 February 2006 (page: 66301)
Problems with date: 7:29, 6 Jaynuary 2011 (UTC) (page: 66301)
Problems with date: 00:14 09/03/2015 (page: 45599676)
Problems with date: 3:21, Aug 16, 2003 (page: 347823)
Problems with date: 11:22, 20.01.2010 (page: 33548002)
Problems with date: 8:14, 20 January 2011 (page: 33548002)
Problems with date: 8:30, 22 August 2006 (page: 2204923)
Problems with date: 7:36, June 16, 2006 (page: 34100100)
Problems with date: 7:21, July 18, 2006 (page: 34100100)

* Starting. Time: 1442173832.23

* Starting. Time: 1442173834.75

* Starting. Time: 1442173848.5

* Starting. Time: 1442173968.17
Problems with date: 7:49, 5 March 2013 (page: 5918903)
Problems with date: 04:05, 23 October 2005 (page: 51230)
Problems with date: 1:35, 27 July 2006 (page: 2973010)
Problems with date: 6:47, 30 July 2006 (page: 2973010)
Problems with date: 1:01, November 20, 2006 (page: 2973010)
Problems with date: 1:19, November 20, 2006 (page: 2973010)
Problems with date: 9:54, November 21, 2006 (page: 2973010)
Problems with date: 09:44, June 8, 2007 (page: 2973010)
Problems with date: 09:20, June 26, 2007 (page: 2973010)
Problems with date: 8:45, 20 June 2007 (page: 11133230)
Problems with date: 1:46, 20 July 2007 (page: 11133230)
Problems with date: 3:19, 17 July 2007 (page: 11133230)
Problems with date: 1:51, 18 July 2007 (page: 11133230)
Problems with date: 1:37, 3 August 2007 (page: 11133230)
Problems with date: 9:58, 3 August 2007 (page: 11133230)
Problems with date: 9:56, 4 August 2007 (page: 11133230)
Problems with date: 6:21, 5 August 2007 (page: 11133230)
Problems with date: 0:37, 8 August 2007 (page: 11133230)
Problems with date: 0:14, 09 May 2006 (page: 5078950)
Problems with date: 8:44, 13 June 2008 (page: 17919882)
Problems with date: 17:47, 8. Dez 2003 (CET) (page: 1206428)
Problems with date: 07:42, 08. Dec 2003 (CET) (page: 1206428)
Problems with date: 17:47, 8. Dez 2003 (CET) (page: 1206428)
Problems with date: 16:49, 13. Mär 2004 (CET) (page: 1206428)
Problems with date: 1:05, November 28, 2012 (page: 39737381)
Problems with date: 9:59, 27 June 2013 (page: 39737381)
Problems with date: 2:28, 26 March 2003 (page: 201725)
Problems with date: 11:17, 9 January 2007 (page: 11524579)
Problems with date: 6:14, 26 April 2006 (page: 4404450)
Problems with date: 6:19, 22 February 2006 (page: 4610105)
Problems with date: 01:08, 20 June 2008 (page: 18389511)
Problems with date: 8:42, 04 Novbember 2008 (UTC) (page: 13939014)
Problems with date: 9:56, 8 June 2011 (page: 473322)
Problems with date: 16:51, 30 June 2007 (page: 15671458)
Problems with date: 8:10, 6+February 2006 (UTC) (page: 29403191)
Problems with date: 8:10, 6+February 2006 (UTC) (page: 29403191)
Problems with date: 21:07, February 2, 2008 (page: 35990887)
Problems with date: 01:09, 10 September 2006 (page: 5683009)
Problems with date: 8:32, 11 October 2013 (page: 36150390)
Problems with date: 3:57, 27 March 2007 (page: 10005499)
Problems with date: 5:36, 20 April 2007 (page: 10005499)
Problems with date: 05:57, 22 August 2006 (page: 304702)
Problems with date: 4:11, July 16 2005 (page: 304702)
Problems with date: 4:11, July 16 2005 (page: 304702)
Problems with date: 0:20, October 22, 2006 (page: 304702)
Problems with date: 7:20, 4 June 2007 (page: 304702)
Problems with date: 8:19, 25 September 2013 (page: 809722)
Problems with date: 16:20, 20 July 2014 (page: 42579469)
Problems with date: 9:54, 1 January 2007 (page: 2041954)
Problems with date: 7:37, 4 March 2006 (page: 196833)
Problems with date: 6:50 December 2013 (UTC) (page: 7011110)
Problems with date: 3:14, 29 June 2008 (page: 31894776)
Problems with date: 6:22, 9 March 2009 (page: 17358836)
Problems with date: 5:53, 15 November 2006 (page: 4613029)
Problems with date: 6:58, 5 January 2008 (page: 19082728)
Problems with date: 9:47, December 31, 2010 (page: 41893372)
Problems with date: 2:47, 20 March 2012 (page: 13746455)
Problems with date: 9:22, 2 January 2008 (page: 176948)
Problems with date: 9:01, 2 January 2008 (page: 176948)
Problems with date: 17:20, 20 July 2007 (page: 12162364)
Problems with date: 2:38, 25 Sep 2005 (CEST) (page: 548767)
Problems with date: 12:08, 3 Nov 2004 (CET) (page: 11499015)
Problems with date: 0:38, 18 Jun 2005 (page: 11499015)
Problems with date: 4:23, 30 October 2008 (page: 11499015)
Problems with date: 1:12, 27 July 2007 (page: 25973560)
Problems with date: 9:49, 9 Aug 2007 (page: 11205369)
Problems with date: 7:52, 30 May 2014 (page: 38884937)
Problems with date: 1:20, 5 September 2007 (PT) (page: 66301)
Problems with date: 5:16, 27 February 2006 (page: 66301)
Problems with date: 7:29, 6 Jaynuary 2011 (UTC) (page: 66301)
Problems with date: 00:14 09/03/2015 (page: 45599676)
Problems with date: 3:21, Aug 16, 2003 (page: 347823)
Problems with date: 11:22, 20.01.2010 (page: 33548002)
Problems with date: 8:14, 20 January 2011 (page: 33548002)
Problems with date: 8:30, 22 August 2006 (page: 2204923)
Problems with date: 7:36, June 16, 2006 (page: 34100100)
Problems with date: 7:21, July 18, 2006 (page: 34100100)
