
* Starting. Time: 1442173464.15

article_id	date

* Starting. Time: 1442173505.19

article_id	date

* Starting. Time: 1442173505.38

article_id	date

* Starting. Time: 1442173513.45

article_id	date

* Starting. Time: 1442173517.63

article_id	date
5918903	7:49, 5 March 2013
51230	04:05, 23 October 2005
2973010	1:35, 27 July 2006
2973010	6:47, 30 July 2006
2973010	1:01, November 20, 2006
2973010	1:19, November 20, 2006
2973010	9:54, November 21, 2006
2973010	09:44, June 8, 2007
2973010	09:20, June 26, 2007
11133230	8:45, 20 June 2007
11133230	1:46, 20 July 2007
11133230	3:19, 17 July 2007
11133230	1:51, 18 July 2007
11133230	1:37, 3 August 2007
11133230	9:58, 3 August 2007
11133230	9:56, 4 August 2007
11133230	6:21, 5 August 2007
11133230	0:37, 8 August 2007
5078950	0:14, 09 May 2006
17919882	8:44, 13 June 2008
1206428	17:47, 8. Dez 2003 (CET)
1206428	07:42, 08. Dec 2003 (CET)
1206428	17:47, 8. Dez 2003 (CET)
1206428	16:49, 13. Mär 2004 (CET)
39737381	1:05, November 28, 2012
39737381	9:59, 27 June 2013
201725	2:28, 26 March 2003
11524579	11:17, 9 January 2007
4404450	6:14, 26 April 2006
4610105	6:19, 22 February 2006
18389511	01:08, 20 June 2008
13939014	8:42, 04 Novbember 2008 (UTC)
473322	9:56, 8 June 2011
15671458	16:51, 30 June 2007
29403191	8:10, 6+February 2006 (UTC)
29403191	8:10, 6+February 2006 (UTC)
35990887	21:07, February 2, 2008
5683009	01:09, 10 September 2006
36150390	8:32, 11 October 2013
10005499	3:57, 27 March 2007
10005499	5:36, 20 April 2007
304702	05:57, 22 August 2006
304702	4:11, July 16 2005
304702	4:11, July 16 2005
304702	0:20, October 22, 2006
304702	7:20, 4 June 2007
809722	8:19, 25 September 2013
42579469	16:20, 20 July 2014
2041954	9:54, 1 January 2007
196833	7:37, 4 March 2006
7011110	6:50 December 2013 (UTC)
31894776	3:14, 29 June 2008
17358836	6:22, 9 March 2009
4613029	5:53, 15 November 2006
19082728	6:58, 5 January 2008
41893372	9:47, December 31, 2010
13746455	2:47, 20 March 2012
176948	9:22, 2 January 2008
176948	9:01, 2 January 2008
12162364	17:20, 20 July 2007
548767	2:38, 25 Sep 2005 (CEST)
11499015	12:08, 3 Nov 2004 (CET)
11499015	0:38, 18 Jun 2005
11499015	4:23, 30 October 2008
25973560	1:12, 27 July 2007
11205369	9:49, 9 Aug 2007
38884937	7:52, 30 May 2014
66301	1:20, 5 September 2007 (PT)
66301	5:16, 27 February 2006
66301	7:29, 6 Jaynuary 2011 (UTC)
45599676	00:14 09/03/2015
347823	3:21, Aug 16, 2003
33548002	11:22, 20.01.2010
33548002	8:14, 20 January 2011
2204923	8:30, 22 August 2006
34100100	7:36, June 16, 2006
34100100	7:21, July 18, 2006


* Starting. Time: 1442173832.23

article_id	date


* Starting. Time: 1442173834.75

article_id	date


* Starting. Time: 1442173848.5

article_id	date


* Starting. Time: 1442173968.17

article_id	date
5918903	7:49, 5 March 2013
51230	04:05, 23 October 2005
2973010	1:35, 27 July 2006
2973010	6:47, 30 July 2006
2973010	1:01, November 20, 2006
2973010	1:19, November 20, 2006
2973010	9:54, November 21, 2006
2973010	09:44, June 8, 2007
2973010	09:20, June 26, 2007
11133230	8:45, 20 June 2007
11133230	1:46, 20 July 2007
11133230	3:19, 17 July 2007
11133230	1:51, 18 July 2007
11133230	1:37, 3 August 2007
11133230	9:58, 3 August 2007
11133230	9:56, 4 August 2007
11133230	6:21, 5 August 2007
11133230	0:37, 8 August 2007
5078950	0:14, 09 May 2006
17919882	8:44, 13 June 2008
1206428	17:47, 8. Dez 2003 (CET)
1206428	07:42, 08. Dec 2003 (CET)
1206428	17:47, 8. Dez 2003 (CET)
1206428	16:49, 13. Mär 2004 (CET)
39737381	1:05, November 28, 2012
39737381	9:59, 27 June 2013
201725	2:28, 26 March 2003
11524579	11:17, 9 January 2007
4404450	6:14, 26 April 2006
4610105	6:19, 22 February 2006
18389511	01:08, 20 June 2008
13939014	8:42, 04 Novbember 2008 (UTC)
473322	9:56, 8 June 2011
15671458	16:51, 30 June 2007
29403191	8:10, 6+February 2006 (UTC)
29403191	8:10, 6+February 2006 (UTC)
35990887	21:07, February 2, 2008
5683009	01:09, 10 September 2006
36150390	8:32, 11 October 2013
10005499	3:57, 27 March 2007
10005499	5:36, 20 April 2007
304702	05:57, 22 August 2006
304702	4:11, July 16 2005
304702	4:11, July 16 2005
304702	0:20, October 22, 2006
304702	7:20, 4 June 2007
809722	8:19, 25 September 2013
42579469	16:20, 20 July 2014
2041954	9:54, 1 January 2007
196833	7:37, 4 March 2006
7011110	6:50 December 2013 (UTC)
31894776	3:14, 29 June 2008
17358836	6:22, 9 March 2009
4613029	5:53, 15 November 2006
19082728	6:58, 5 January 2008
41893372	9:47, December 31, 2010
13746455	2:47, 20 March 2012
176948	9:22, 2 January 2008
176948	9:01, 2 January 2008
12162364	17:20, 20 July 2007
548767	2:38, 25 Sep 2005 (CEST)
11499015	12:08, 3 Nov 2004 (CET)
11499015	0:38, 18 Jun 2005
11499015	4:23, 30 October 2008
25973560	1:12, 27 July 2007
11205369	9:49, 9 Aug 2007
38884937	7:52, 30 May 2014
66301	1:20, 5 September 2007 (PT)
66301	5:16, 27 February 2006
66301	7:29, 6 Jaynuary 2011 (UTC)
45599676	00:14 09/03/2015
347823	3:21, Aug 16, 2003
33548002	11:22, 20.01.2010
33548002	8:14, 20 January 2011
2204923	8:30, 22 August 2006
34100100	7:36, June 16, 2006
34100100	7:21, July 18, 2006


* Starting. Time: 1442174347.45

article_id	date
5918903	7:49, 5 March 2013
51230	04:05, 23 October 2005
2973010	1:35, 27 July 2006
2973010	6:47, 30 July 2006
2973010	1:01, November 20, 2006
2973010	1:19, November 20, 2006
2973010	9:54, November 21, 2006
2973010	09:44, June 8, 2007
2973010	09:20, June 26, 2007
11133230	8:45, 20 June 2007
11133230	1:46, 20 July 2007
11133230	3:19, 17 July 2007
11133230	1:51, 18 July 2007
11133230	1:37, 3 August 2007
11133230	9:58, 3 August 2007
11133230	9:56, 4 August 2007
11133230	6:21, 5 August 2007
11133230	0:37, 8 August 2007
5078950	0:14, 09 May 2006
17919882	8:44, 13 June 2008
1206428	17:47, 8. Dez 2003 (CET)
1206428	07:42, 08. Dec 2003 (CET)
1206428	17:47, 8. Dez 2003 (CET)
1206428	16:49, 13. Mär 2004 (CET)
39737381	1:05, November 28, 2012
39737381	9:59, 27 June 2013
201725	2:28, 26 March 2003
11524579	11:17, 9 January 2007
4404450	6:14, 26 April 2006
4610105	6:19, 22 February 2006
18389511	01:08, 20 June 2008
13939014	8:42, 04 Novbember 2008 (UTC)
473322	9:56, 8 June 2011
15671458	16:51, 30 June 2007
29403191	8:10, 6+February 2006 (UTC)
29403191	8:10, 6+February 2006 (UTC)
35990887	21:07, February 2, 2008
5683009	01:09, 10 September 2006
36150390	8:32, 11 October 2013
10005499	3:57, 27 March 2007
10005499	5:36, 20 April 2007
304702	05:57, 22 August 2006
304702	4:11, July 16 2005
304702	4:11, July 16 2005
304702	0:20, October 22, 2006
304702	7:20, 4 June 2007
809722	8:19, 25 September 2013
42579469	16:20, 20 July 2014
2041954	9:54, 1 January 2007
196833	7:37, 4 March 2006
7011110	6:50 December 2013 (UTC)
31894776	3:14, 29 June 2008
17358836	6:22, 9 March 2009
4613029	5:53, 15 November 2006
19082728	6:58, 5 January 2008
41893372	9:47, December 31, 2010
13746455	2:47, 20 March 2012
176948	9:22, 2 January 2008
176948	9:01, 2 January 2008
12162364	17:20, 20 July 2007
548767	2:38, 25 Sep 2005 (CEST)
11499015	12:08, 3 Nov 2004 (CET)
11499015	0:38, 18 Jun 2005
11499015	4:23, 30 October 2008
25973560	1:12, 27 July 2007
11205369	9:49, 9 Aug 2007
38884937	7:52, 30 May 2014
66301	1:20, 5 September 2007 (PT)
66301	5:16, 27 February 2006
66301	7:29, 6 Jaynuary 2011 (UTC)
45599676	00:14 09/03/2015
347823	3:21, Aug 16, 2003
33548002	11:22, 20.01.2010
33548002	8:14, 20 January 2011
2204923	8:30, 22 August 2006
34100100	7:36, June 16, 2006
34100100	7:21, July 18, 2006

