

3720 Byzantine_Empire/Archive_7
		Not found: Talk:Byzantine Empire/Archive 7/Archive_1

20652 Marine
		Not found: Talk:Marine/Archive_1

22552 Oklahoma/Archive_2
		Not found: Talk:Oklahoma/Archive 2/Archive_1

32646 Voyeurism
		Not found: Talk:Voyeurism/Archive_1

32980 WikiBiblion
   Talk page not found: Talk:WikiBiblion

37440 Strasbourg
	archive links found: [u'Talk:Strasbourg/Archive 1']
	Skipped repeated archive page: Talk:Strasbourg/Archive_1
	Looking for "Archive_<n>" pattern, found 1 archives, until: Talk:Strasbourg/Archive_1

38313 Phase_II_bug_reports
   Talk page not found: Talk:Phase_II_bug_reports

44707 Harp
		Not found: Talk:Harp/Archive_1

44997 Planned_language
		Not found: Talk:Planned language/Archive_1

48006 Nicotinamide
		Not found: Talk:Nicotinamide/Archive_1

48243 Cite_your_sources_debate
   Talk page not found: Talk:Cite_your_sources_debate

49231 Historical_archive/Rules_to_consider
   Talk page not found: Talk:Historical_archive/Rules_to_consider

50106 Use_subheadings_sparingly
   Talk page not found: Talk:Use_subheadings_sparingly

50172 Writing_better_articles/Avoid_making_your_articles_orphans
   Talk page not found: Talk:Writing_better_articles/Avoid_making_your_articles_orphans

53419 Borda_count
	MisznaBot archives found: 1 -> Talk:Borda count/Archive %(counter)d
	Skipped repeated archive page: Talk:Borda count/Archive_1
	Looking for "Archive_<n>" pattern, found 1 archives, until: Talk:Borda count/Archive_1

61147 A_priori
		Not found: Talk:A priori/Archive_1

64413 Status_of_the_porting_of_U.S._Dept_of_State_info
   Talk page not found: Talk:Status_of_the_porting_of_U.S._Dept_of_State_info

65802 Image_use_policy
   Talk page not found: Talk:Image_use_policy

68234 Rabbit
	MisznaBot archives found: 2 -> Talk:Rabbit/Archive %(counter)d
	Skipped repeated archive page: Talk:Rabbit/Archive_1
	Skipped repeated archive page: Talk:Rabbit/Archive_2
	Looking for "Archive_<n>" pattern, found 2 archives, until: Talk:Rabbit/Archive_2

73636 List_of_mathematical_symbols
	archive box found: [u'/Archive 1']
	Skipped repeated archive page: Talk:List of mathematical symbols/Archive_1
	Looking for "Archive_<n>" pattern, found 1 archives, until: Talk:List of mathematical symbols/Archive_1

74933 Naming_conventions_(plurals)
   Talk page not found: Talk:Naming_conventions_(plurals)

76062 The_perfect_stub_article
   Talk page not found: Talk:The_perfect_stub_article

76386 Most_wanted_stubs
   Talk page not found: Talk:Most_wanted_stubs

79955 Viola
		Not found: Talk:Viola/Archive_1

81555 Referrers
   Talk page not found: Talk:Referrers

83593 Jordi_(renamed)
   Talk page not found: Talk:Jordi_(renamed)

84074 Size_comparisons
   Talk page not found: Talk:Size_comparisons

85559 December_25
		Not found: Talk:December 25/Archive_1

89487 Vknightbd
   Talk page not found: Talk:Vknightbd

94611 Putney
		Not found: Talk:Putney/Archive_1

96271 Beaver_County,_Utah
		Not found: Talk:Beaver County, Utah/Archive_1

96428 Two-Spirit
		Not found: Talk:Two-Spirit/Archive_1

96611 Bandera_County,_Texas
		Not found: Talk:Bandera County, Texas/Archive_1

100427 Wikipedians/Archive_1
   Talk page not found: Talk:Wikipedians/Archive_1

102379 WikiProject_Novels
   Talk page not found: Talk:WikiProject_Novels

103616 Pickens_County,_South_Carolina
		Not found: Talk:Pickens County, South Carolina/Archive_1

103815 Davidson_County,_Tennessee
		Not found: Talk:Davidson County, Tennessee/Archive_1

131650 WikiProject_Disorders
   Talk page not found: Talk:WikiProject_Disorders

141966 Lists_of_mathematicians
		Not found: Talk:Lists of mathematicians/Archive_1

142643 Certification
		Not found: Talk:Certification/Archive_1

143929 Explore
  Found redirect: #REDIRECT [[Talk:Explorer (disambiguation)]]
    Following redirect: Talk:Explore -> Talk:Explorer (disambiguation)
		Not found: Talk:Explorer (disambiguation)/Archive_1

146555 Absolute_policies
   Talk page not found: Talk:Absolute_policies

147539 Decision_Making_Process
   Talk page not found: Talk:Decision_Making_Process

156297 Deep_Ecology
		Not found: Talk:Deep Ecology/Archive_1

162368 Achaemenidae
		Not found: Talk:Achaemenidae/Archive_1

165875 Index_of_Thailand-related_articles
		Not found: Talk:Index of Thailand-related articles/Archive_1

167204 Recent_Changes_header
   Talk page not found: Talk:Recent_Changes_header

178832 Libel
   Talk page not found: Talk:Libel

182207 WikiProject_Dogs/Dog_breeds_task_force/General
   Talk page not found: Talk:WikiProject_Dogs/Dog_breeds_task_force/General

185008 WikiProject_Music/Archive_1
   Talk page not found: Talk:WikiProject_Music/Archive_1

188939 Canonization
		Not found: Talk:Canonization/Archive_1

194700 WikiProject_Albums/List
   Talk page not found: Talk:WikiProject_Albums/List

206083 Erie_Von_Detten
		Not found: Talk:Erie Von Detten/Archive_1

207693 Library_of_Congress_Country_Studies
		Not found: Talk:Library of Congress Country Studies/Archive_1

210607 Neutral_point_of_view/Examples
   Talk page not found: Talk:Neutral_point_of_view/Examples

213903 Staying_cool_when_the_editing_gets_hot
   Talk page not found: Talk:Staying_cool_when_the_editing_gets_hot

216642 Wikipedia_medicine_standards
   Talk page not found: Talk:Wikipedia_medicine_standards

222255 Dark_side_of_Wikipedia
   Talk page not found: Talk:Dark_side_of_Wikipedia

232253 Crystal_radio
	Looking for "Archive_<n>" pattern, found 1 archives, until: Talk:Crystal radio/Archive_1

233504 Votes_for_deletion/archive_1b
   Talk page not found: Talk:Votes_for_deletion/archive_1b

235413 Mayo_Clinic
		Not found: Talk:Mayo Clinic/Archive_1

237198 Goethite
		Not found: Talk:Goethite/Archive_1

237643 National_Institute_of_Neurological_Disorders_and_Stroke
		Not found: Talk:National Institute of Neurological Disorders and Stroke/Archive_1

237881 Footnote1
   Talk page not found: Talk:Footnote1

247145 Politics_of_Guam
		Not found: Talk:Politics of Guam/Archive_1

248686 What_is_a_wiki_for
   Talk page not found: Talk:What_is_a_wiki_for

250133 Alternative_text_for_images/Archive_1
   Talk page not found: Talk:Alternative_text_for_images/Archive_1

250920 Manual_of_Style_(dates_and_numbers)/Archive_3
   Talk page not found: Talk:Manual_of_Style_(dates_and_numbers)/Archive_3

251603 Manual_of_Style_(dates_and_numbers)/Archive_5
   Talk page not found: Talk:Manual_of_Style_(dates_and_numbers)/Archive_5

256857 Enhanced_Recent_Changes
   Talk page not found: Talk:Enhanced_Recent_Changes

263494 History_standards/Archive2
   Talk page not found: Talk:History_standards/Archive2

263864 Civil_War_in_Finland
		Not found: Talk:Civil War in Finland/Archive_1

278628 Jasper_County,_Illinois
		Not found: Talk:Jasper County, Illinois/Archive_1

278881 Winnebago_County,_Iowa
		Not found: Talk:Winnebago County, Iowa/Archive_1

279035 Edmonson_County,_Kentucky
		Not found: Talk:Edmonson County, Kentucky/Archive_1

279242 Calvert_County,_Maryland
		Not found: Talk:Calvert County, Maryland/Archive_1

279958 Hooker_County,_Nebraska
		Not found: Talk:Hooker County, Nebraska/Archive_1

280527 Data_Protection_Directive
		Not found: Talk:Data Protection Directive/Archive_1

286268 Self-publishing
	Looking for "Archive_<n>" pattern, found 1 archives, until: Talk:Self-publishing/Archive_1

291131 Bus_stop
		Not found: Talk:Bus stop/Archive_1

292454 Spanish_football
		Not found: Talk:Spanish football/Archive_1

292915 Metafiction
		Not found: Talk:Metafiction/Archive_1

294816 Lactose_intolerance
	Looking for "Archive_<n>" pattern, found 1 archives, until: Talk:Lactose intolerance/Archive_1

296789 More_heat_than_light
   Talk page not found: Talk:More_heat_than_light

303138 Guide_for_Everything2_noders
   Talk page not found: Talk:Guide_for_Everything2_noders

303921 Administrators'_reading_list
   Talk page not found: Talk:Administrators'_reading_list

309129 Guitar_pick
		Not found: Talk:Guitar pick/Archive_1

313054 White_nationalism
	archive links found: [u'Talk:White nationalism/Archive 1', u'Talk:White nationalism/Archive 2', u'Talk:White nationalism/Archive 3']
	Skipped repeated archive page: Talk:White nationalism/Archive_1
	Skipped repeated archive page: Talk:White nationalism/Archive_2
	Skipped repeated archive page: Talk:White nationalism/Archive_3
	Looking for "Archive_<n>" pattern, found 4 archives, until: Talk:White nationalism/Archive_4

313304 Votes_for_deletion/archive
   Talk page not found: Talk:Votes_for_deletion/archive

313305 Articles_for_deletion/Archive_2
   Talk page not found: Talk:Articles_for_deletion/Archive_2

313976 Peru
	MisznaBot archives found: 2 -> Talk:Peru/Archive %(counter)d
	Skipped repeated archive page: Talk:Peru/Archive_1
	Skipped repeated archive page: Talk:Peru/Archive_2
	Looking for "Archive_<n>" pattern, found 2 archives, until: Talk:Peru/Archive_2

314024 Symbiosis
	Looking for "Archive_<n>" pattern, found 1 archives, until: Talk:Symbiosis/Archive_1

317859 WikiProject_Latin_America
   Talk page not found: Talk:WikiProject_Latin_America

319978 Bypass_your_cache
   Talk page not found: Talk:Bypass_your_cache

326181 Deletion_guidelines_for_administrators
   Talk page not found: Talk:Deletion_guidelines_for_administrators

334550 Meal
		Not found: Talk:Meal/Archive_1

338556 Tube-dwelling_spider
		Not found: Talk:Tube-dwelling spider/Archive_1

340928 The_Four_Spiritual_Laws
		Not found: Talk:The Four Spiritual Laws/Archive_1

341404 List_of_cities_in_South_Africa
		Not found: Talk:List of cities in South Africa/Archive_1

341726 Collagen
		Not found: Talk:Collagen/Archive_1

350221 Interaction
		Not found: Talk:Interaction/Archive_1

353726 Eevee
		Not found: Talk:Eevee/Archive_1

356636 Matchmaking
		Not found: Talk:Matchmaking/Archive_1

360893 Non-unique_personal_name
   Talk page not found: Talk:Non-unique_personal_name

367723 Organization_development
		Not found: Talk:Organization development/Archive_1

368689 James_Hogg
		Not found: Talk:James Hogg/Archive_1

371146 Aswan_Dam
		Not found: Talk:Aswan Dam/Archive_1

373135 Polish_notation
		Not found: Talk:Polish notation/Archive_1

383034 Writing_better_articles/News_style
   Talk page not found: Talk:Writing_better_articles/News_style

391414 Chinese_interlanguage_links
   Talk page not found: Talk:Chinese_interlanguage_links

399043 Growth_factor
		Not found: Talk:Growth factor/Archive_1

406033 Soham_murders
	Looking for "Archive_<n>" pattern, found 1 archives, until: Talk:Soham murders/Archive_1

408763 Manual_of_Style_(lists_-_stand_alone_lists)
   Talk page not found: Talk:Manual_of_Style_(lists_-_stand_alone_lists)

410029 UN_peacekeeping
		Not found: Talk:UN peacekeeping/Archive_1

412089 Selected_Articles_on_the_Main_Page/Archive_2
   Talk page not found: Talk:Selected_Articles_on_the_Main_Page/Archive_2

416746 Elde
		Not found: Talk:Elde/Archive_1

417124 Copyrights/Credit_repair
   Talk page not found: Talk:Copyrights/Credit_repair

420635 Personal_subpages_to_be_deleted/Archive_1
   Talk page not found: Talk:Personal_subpages_to_be_deleted/Archive_1

423966 The_Call_of_the_Wild
	Looking for "Archive_<n>" pattern, found 1 archives, until: Talk:The Call of the Wild/Archive_1

424906 Initial-stress-derived_noun
		Not found: Talk:Initial-stress-derived noun/Archive_1

437575 Featured_article_candidates
   Talk page not found: Talk:Featured_article_candidates

439566 Notability/Historical/Fame_and_importance
   Talk page not found: Talk:Notability/Historical/Fame_and_importance

443340 The_People's_Voice
		Not found: Talk:The People's Voice/Archive_1

444934 Koko_(gorilla)
		Not found: Talk:Koko (gorilla)/Archive_1

446011 WikiProject_Numbers/Sandbox
   Talk page not found: Talk:WikiProject_Numbers/Sandbox

446129 Cradle_of_humanity/Archive_1
		Not found: Talk:Cradle of humanity/Archive 1/Archive_1

446333 Lists_for_deletion
   Talk page not found: Talk:Lists_for_deletion

446763 Press_releases/January_2002
   Talk page not found: Talk:Press_releases/January_2002

447639 Safety_valve
		Not found: Talk:Safety valve/Archive_1

453744 Truce
   Talk page not found: Talk:Truce

454442 Tagged_union
		Not found: Talk:Tagged union/Archive_1

454946 Requests_for_comment/Mav
   Talk page not found: Talk:Requests_for_comment/Mav

460062 WikiCivics
   Talk page not found: Talk:WikiCivics

461730 Katyn_massacre
	MisznaBot archives found: 3 -> Talk:Katyn massacre/Archive %(counter)d
	Skipped repeated archive page: Talk:Katyn massacre/Archive_1
	Skipped repeated archive page: Talk:Katyn massacre/Archive_2
	Skipped repeated archive page: Talk:Katyn massacre/Archive_3
	Looking for "Archive_<n>" pattern, found 3 archives, until: Talk:Katyn massacre/Archive_3

462596 Successful_requests_for_adminship
   Talk page not found: Talk:Successful_requests_for_adminship

467071 Conflict_resolution
		Not found: Talk:Conflict resolution/Archive_1

468757 Falcongj
   Talk page not found: Talk:Falcongj

471401 Votes_for_deletion/foreign_language
   Talk page not found: Talk:Votes_for_deletion/foreign_language

474061 WikiProject_Mythology
   Talk page not found: Talk:WikiProject_Mythology

475608 WikiProject_Vietnamese_provinces
   Talk page not found: Talk:WikiProject_Vietnamese_provinces

475617 WikiProject_United_Nations
   Talk page not found: Talk:WikiProject_United_Nations

475631 WikiProject_Chess
  Found redirect: #REDIRECT [[Wikipedia talk:WikiProject Chess]]
    Following redirect: Talk:WikiProject_Chess -> Wikipedia talk:WikiProject Chess
   Talk page not found: Talk:WikiProject_Chess

475632 WikiProject_Knots
   Talk page not found: Talk:WikiProject_Knots

475652 WikiProject_Stations
   Talk page not found: Talk:WikiProject_Stations

476762 Wikipedia_approval_mechanism
   Talk page not found: Talk:Wikipedia_approval_mechanism

479243 File_copyright_tags
   Talk page not found: Talk:File_copyright_tags

479969 Requests_for_adminship/Archive_6
   Talk page not found: Talk:Requests_for_adminship/Archive_6

485233 Main_Page_squad
   Talk page not found: Talk:Main_Page_squad

488476 Balarama
		Not found: Talk:Balarama/Archive_1

492162 Simple_and_compound_intervals
		Not found: Talk:Simple and compound intervals/Archive_1

494395 Selected_anniversaries/March_8
   Talk page not found: Talk:Selected_anniversaries/March_8

495642 Selected_anniversaries/March_20
   Talk page not found: Talk:Selected_anniversaries/March_20

495824 Selected_anniversaries/March_29
   Talk page not found: Talk:Selected_anniversaries/March_29

496042 May_1
		Not found: Talk:May 1/Archive_1

506369 Ethology
		Not found: Talk:Ethology/Archive_1

506586 Gwangju
		Not found: Talk:Gwangju/Archive_1

507249 Unionism_in_Ireland
		Not found: Talk:Unionism in Ireland/Archive_1

508117 Dead-end_pages
   Talk page not found: Talk:Dead-end_pages

509825 Matter_of_Irismeister
   Talk page not found: Talk:Matter_of_Irismeister

510201 Selected_anniversaries/March_11
   Talk page not found: Talk:Selected_anniversaries/March_11

511551 Copyrights/Archive_2
   Talk page not found: Talk:Copyrights/Archive_2

511661 Selected_anniversaries/April_30
   Talk page not found: Talk:Selected_anniversaries/April_30

519872 Requests_for_arbitration/Plautus_satire_vs_Raul654
   Talk page not found: Talk:Requests_for_arbitration/Plautus_satire_vs_Raul654

523172 List_of_encyclopedia_topics_(10)
   Talk page not found: Talk:List_of_encyclopedia_topics_(10)

523239 Topics
		Not found: Talk:Topics/Archive_1